c:\users\burial\desktop\rtspplayer\smartplayer\debug\smartplayer.pch
c:\users\burial\desktop\rtspplayer\smartplayer\debug\stdafx.obj
c:\users\burial\desktop\rtspplayer\smartplayer\debug\vc100.pdb
c:\users\burial\desktop\rtspplayer\smartplayer\debug\inputurldlg.obj
c:\users\burial\desktop\rtspplayer\smartplayer\debug\smartplayer.obj
c:\users\burial\desktop\rtspplayer\smartplayer\debug\smartplayerdlg.obj
c:\users\burial\desktop\rtspplayer\debug\smartplayer.ilk
c:\users\burial\desktop\rtspplayer\debug\smartplayer.exe
c:\users\burial\desktop\rtspplayer\smartplayer\debug\smartplayer.exe.intermediate.manifest
c:\users\burial\desktop\rtspplayer\debug\smartplayer.pdb
c:\users\burial\desktop\rtspplayer\smartplayer\debug\smartplayer.exe.embed.manifest
c:\users\burial\desktop\rtspplayer\smartplayer\debug\smartplayer.res
c:\users\burial\desktop\rtspplayer\smartplayer\debug\smartplayer.exe.embed.manifest.res
f:\ffmpegprojects\rtspplayer\smartplayer\debug\smartplayer.pch
f:\ffmpegprojects\rtspplayer\smartplayer\debug\vc120.pdb
f:\ffmpegprojects\rtspplayer\smartplayer\debug\vc120.idb
f:\ffmpegprojects\rtspplayer\smartplayer\debug\stdafx.obj
f:\ffmpegprojects\rtspplayer\smartplayer\debug\inputurldlg.obj
f:\ffmpegprojects\rtspplayer\smartplayer\debug\smartplayer.obj
f:\ffmpegprojects\rtspplayer\smartplayer\debug\smartplayerdlg.obj
f:\ffmpegprojects\rtspplayer\debug\smartplayer.ilk
f:\ffmpegprojects\rtspplayer\debug\smartplayer.exe
f:\ffmpegprojects\rtspplayer\debug\smartplayer.pdb
f:\ffmpegprojects\rtspplayer\smartplayer\debug\smartplayer.res
f:\ffmpegprojects\rtspplayer\smartplayer\debug\cl.command.1.tlog
f:\ffmpegprojects\rtspplayer\smartplayer\debug\cl.read.1.tlog
f:\ffmpegprojects\rtspplayer\smartplayer\debug\cl.write.1.tlog
f:\ffmpegprojects\rtspplayer\smartplayer\debug\link-cvtres.read.1.tlog
f:\ffmpegprojects\rtspplayer\smartplayer\debug\link-cvtres.write.1.tlog
f:\ffmpegprojects\rtspplayer\smartplayer\debug\link.command.1.tlog
f:\ffmpegprojects\rtspplayer\smartplayer\debug\link.read.1.tlog
f:\ffmpegprojects\rtspplayer\smartplayer\debug\link.write.1.tlog
f:\ffmpegprojects\rtspplayer\smartplayer\debug\mt.command.1.tlog
f:\ffmpegprojects\rtspplayer\smartplayer\debug\mt.read.1.tlog
f:\ffmpegprojects\rtspplayer\smartplayer\debug\mt.write.1.tlog
f:\ffmpegprojects\rtspplayer\smartplayer\debug\rc.command.1.tlog
f:\ffmpegprojects\rtspplayer\smartplayer\debug\rc.read.1.tlog
f:\ffmpegprojects\rtspplayer\smartplayer\debug\rc.write.1.tlog
f:\ffmpegprojects\rtspplayer\smartplayer\debug\smartplayer.write.1.tlog
f:\ffmpegprojects\rtspplayer\smartplayer\debug\smartplayer.exe.embed.manifest
f:\ffmpegprojects\rtspplayer\smartplayer\debug\smartplayer.exe.intermediate.manifest
f:\ffmpegprojects\rtspplayer\smartplayer\debug\smartplayer.exe.embed.manifest.res
f:\ffmpegprojects\rtspplayer\smartplayer\debug\vc100.idb
f:\ffmpegprojects\rtspplayer\smartplayer\debug\vc100.pdb
f:\ffmpegprojects\rtspplayer\smartplayer\debug\smartplayer_manifest.rc
f:\ffmpegprojects\rtspplayer\smartplayer\debug\smartplayer.tlog\cl.command.1.tlog
f:\ffmpegprojects\rtspplayer\smartplayer\debug\smartplayer.tlog\cl.read.1.tlog
f:\ffmpegprojects\rtspplayer\smartplayer\debug\smartplayer.tlog\cl.write.1.tlog
f:\ffmpegprojects\rtspplayer\smartplayer\debug\smartplayer.tlog\link.command.1.tlog
f:\ffmpegprojects\rtspplayer\smartplayer\debug\smartplayer.tlog\link.read.1.tlog
f:\ffmpegprojects\rtspplayer\smartplayer\debug\smartplayer.tlog\link.write.1.tlog
f:\ffmpegprojects\rtspplayer\smartplayer\debug\smartplayer.tlog\rc.command.1.tlog
f:\ffmpegprojects\rtspplayer\smartplayer\debug\smartplayer.tlog\rc.read.1.tlog
f:\ffmpegprojects\rtspplayer\smartplayer\debug\smartplayer.tlog\rc.write.1.tlog
