C:\USERS\BURIAL\DESKTOP\RTSPPLAYER\RELEASE\SMARTPLAYER.EXE
C:\USERS\BURIAL\DESKTOP\RTSPPLAYER\RELEASE\SMARTPLAYER.PDB
C:\Users\Burial\Desktop\RtspPlayer\SmartPlayer\Release\cl.command.1.tlog
C:\Users\Burial\Desktop\RtspPlayer\SmartPlayer\Release\CL.read.1.tlog
C:\Users\Burial\Desktop\RtspPlayer\SmartPlayer\Release\CL.write.1.tlog
C:\USERS\BURIAL\DESKTOP\RTSPPLAYER\SMARTPLAYER\RELEASE\INPUTURLDLG.OBJ
C:\Users\Burial\Desktop\RtspPlayer\SmartPlayer\Release\link.command.1.tlog
C:\Users\Burial\Desktop\RtspPlayer\SmartPlayer\Release\link.read.1.tlog
C:\Users\Burial\Desktop\RtspPlayer\SmartPlayer\Release\link.write.1.tlog
C:\Users\Burial\Desktop\RtspPlayer\SmartPlayer\Release\link-cvtres.read.1.tlog
C:\Users\Burial\Desktop\RtspPlayer\SmartPlayer\Release\link-cvtres.write.1.tlog
C:\Users\Burial\Desktop\RtspPlayer\SmartPlayer\Release\mt.command.1.tlog
C:\Users\Burial\Desktop\RtspPlayer\SmartPlayer\Release\mt.read.1.tlog
C:\Users\Burial\Desktop\RtspPlayer\SmartPlayer\Release\mt.write.1.tlog
C:\Users\Burial\Desktop\RtspPlayer\SmartPlayer\Release\rc.command.1.tlog
C:\Users\Burial\Desktop\RtspPlayer\SmartPlayer\Release\rc.read.1.tlog
C:\Users\Burial\Desktop\RtspPlayer\SmartPlayer\Release\rc.write.1.tlog
C:\USERS\BURIAL\DESKTOP\RTSPPLAYER\SMARTPLAYER\RELEASE\SMARTPLAYER.EXE.INTERMEDIATE.MANIFEST
C:\USERS\BURIAL\DESKTOP\RTSPPLAYER\SMARTPLAYER\RELEASE\SMARTPLAYER.OBJ
C:\USERS\BURIAL\DESKTOP\RTSPPLAYER\SMARTPLAYER\RELEASE\SMARTPLAYER.PCH
C:\USERS\BURIAL\DESKTOP\RTSPPLAYER\SMARTPLAYER\RELEASE\SMARTPLAYER.RES
C:\Users\Burial\Desktop\RtspPlayer\SmartPlayer\Release\SmartPlayer.write.1.tlog
C:\USERS\BURIAL\DESKTOP\RTSPPLAYER\SMARTPLAYER\RELEASE\SMARTPLAYERDLG.OBJ
C:\USERS\BURIAL\DESKTOP\RTSPPLAYER\SMARTPLAYER\RELEASE\STDAFX.OBJ
C:\USERS\BURIAL\DESKTOP\RTSPPLAYER\SMARTPLAYER\RELEASE\VC100.PDB
