C:\USERS\BURIAL\DESKTOP\RTSPPLAYER\RELEASE\RTSPPLAYER.EXE
C:\USERS\BURIAL\DESKTOP\RTSPPLAYER\RELEASE\RTSPPLAYER.PDB
C:\Users\Burial\Desktop\RtspPlayer\RtspPlayer\Release\cl.command.1.tlog
C:\Users\Burial\Desktop\RtspPlayer\RtspPlayer\Release\CL.read.1.tlog
C:\Users\Burial\Desktop\RtspPlayer\RtspPlayer\Release\CL.write.1.tlog
C:\Users\Burial\Desktop\RtspPlayer\RtspPlayer\Release\link.command.1.tlog
C:\Users\Burial\Desktop\RtspPlayer\RtspPlayer\Release\link.read.1.tlog
C:\Users\Burial\Desktop\RtspPlayer\RtspPlayer\Release\link.write.1.tlog
C:\Users\Burial\Desktop\RtspPlayer\RtspPlayer\Release\link-cvtres.read.1.tlog
C:\Users\Burial\Desktop\RtspPlayer\RtspPlayer\Release\link-cvtres.write.1.tlog
C:\Users\Burial\Desktop\RtspPlayer\RtspPlayer\Release\mt.command.1.tlog
C:\Users\Burial\Desktop\RtspPlayer\RtspPlayer\Release\mt.read.1.tlog
C:\Users\Burial\Desktop\RtspPlayer\RtspPlayer\Release\mt.write.1.tlog
C:\USERS\BURIAL\DESKTOP\RTSPPLAYER\RTSPPLAYER\RELEASE\OURRTSPCLIENT.OBJ
C:\Users\Burial\Desktop\RtspPlayer\RtspPlayer\Release\rc.command.1.tlog
C:\Users\Burial\Desktop\RtspPlayer\RtspPlayer\Release\rc.read.1.tlog
C:\Users\Burial\Desktop\RtspPlayer\RtspPlayer\Release\rc.write.1.tlog
C:\USERS\BURIAL\DESKTOP\RTSPPLAYER\RTSPPLAYER\RELEASE\RTSPPLAYER.EXE.INTERMEDIATE.MANIFEST
C:\USERS\BURIAL\DESKTOP\RTSPPLAYER\RTSPPLAYER\RELEASE\RTSPPLAYER.OBJ
C:\USERS\BURIAL\DESKTOP\RTSPPLAYER\RTSPPLAYER\RELEASE\RTSPPLAYER.PCH
C:\USERS\BURIAL\DESKTOP\RTSPPLAYER\RTSPPLAYER\RELEASE\RTSPPLAYER.RES
C:\Users\Burial\Desktop\RtspPlayer\RtspPlayer\Release\RtspPlayer.write.1.tlog
C:\USERS\BURIAL\DESKTOP\RTSPPLAYER\RTSPPLAYER\RELEASE\STDAFX.OBJ
C:\USERS\BURIAL\DESKTOP\RTSPPLAYER\RTSPPLAYER\RELEASE\VC100.PDB
