生成启动时间为 4/28/2015 0:06:17。
     1>项目“C:\Users\Burial\Desktop\RtspPlayer\RtspPlayer\RtspPlayer.vcxproj”在节点 3 上(rebuild 个目标)。
     1>_PrepareForClean:
         正在删除文件“Release\RtspPlayer.lastbuildstate”。
       InitializeBuildStatus:
         正在创建“Release\RtspPlayer.unsuccessfulbuild”，因为已指定“AlwaysCreate”。
       ClCompile:
         D:\Program Files (x86)\Microsoft Visual Studio 10.0\VC\bin\CL.exe /c /IBasicUsageEnvironment/include /Igroupsock/include /IliveMedia/include /IUsageEnvironment/include /Zi /nologo /W3 /WX- /O2 /Oi /Oy- /GL /D WIN32 /D NDEBUG /D _WINDOWS /D _MBCS /Gm- /EHsc /MD /GS /Gy /fp:precise /Zc:wchar_t /Zc:forScope /Yc"StdAfx.h" /Fp"Release\RtspPlayer.pch" /Fo"Release\\" /Fd"Release\vc100.pdb" /Gd /TP /analyze- /errorReport:prompt stdafx.cpp
         stdafx.cpp
     1>C:\Users\Burial\Desktop\RtspPlayer\RtspPlayer\include\stdint.h(177): warning C4005: “SIZE_MAX”: 宏重定义
                 D:\Program Files (x86)\Microsoft Visual Studio 10.0\VC\include\limits.h(82) : 参见“SIZE_MAX”的前一个定义
         D:\Program Files (x86)\Microsoft Visual Studio 10.0\VC\bin\CL.exe /c /IBasicUsageEnvironment/include /Igroupsock/include /IliveMedia/include /IUsageEnvironment/include /Zi /nologo /W3 /WX- /O2 /Oi /Oy- /GL /D WIN32 /D NDEBUG /D _WINDOWS /D _MBCS /Gm- /EHsc /MD /GS /Gy /fp:precise /Zc:wchar_t /Zc:forScope /Fo"Release\\" /Fd"Release\vc100.pdb" /Gd /TP /analyze- /errorReport:prompt ourRTSPClient.cpp RtspPlayer.cpp
         ourRTSPClient.cpp
     1>C:\Users\Burial\Desktop\RtspPlayer\RtspPlayer\include\stdint.h(177): warning C4005: “SIZE_MAX”: 宏重定义
                 D:\Program Files (x86)\Microsoft Visual Studio 10.0\VC\include\limits.h(82) : 参见“SIZE_MAX”的前一个定义
     1>ourRTSPClient.cpp(57): warning C4996: 'fopen': This function or variable may be unsafe. Consider using fopen_s instead. To disable deprecation, use _CRT_SECURE_NO_WARNINGS. See online help for details.
                 D:\Program Files (x86)\Microsoft Visual Studio 10.0\VC\include\stdio.h(234) : 参见“fopen”的声明
         RtspPlayer.cpp
     1>C:\Users\Burial\Desktop\RtspPlayer\RtspPlayer\include\stdint.h(177): warning C4005: “SIZE_MAX”: 宏重定义
                 D:\Program Files (x86)\Microsoft Visual Studio 10.0\VC\include\limits.h(82) : 参见“SIZE_MAX”的前一个定义
     1>RtspPlayer.cpp(64): warning C4244: “=”: 从“LONG”转换到“Uint16”，可能丢失数据
     1>RtspPlayer.cpp(65): warning C4244: “=”: 从“LONG”转换到“Uint16”，可能丢失数据
     1>RtspPlayer.cpp(290): warning C4996: 'fopen': This function or variable may be unsafe. Consider using fopen_s instead. To disable deprecation, use _CRT_SECURE_NO_WARNINGS. See online help for details.
                 D:\Program Files (x86)\Microsoft Visual Studio 10.0\VC\include\stdio.h(234) : 参见“fopen”的声明
       ResourceCompile:
         c:\Program Files (x86)\Microsoft SDKs\Windows\v7.0A\bin\rc.exe /l"0x0409" /nologo /fo"Release\RtspPlayer.res" RtspPlayer.rc 
       Link:
         D:\Program Files (x86)\Microsoft Visual Studio 10.0\VC\bin\link.exe /ERRORREPORT:PROMPT /OUT:"C:\Users\Burial\Desktop\RtspPlayer\Release\RtspPlayer.exe" /INCREMENTAL:NO /NOLOGO kernel32.lib user32.lib gdi32.lib winspool.lib comdlg32.lib advapi32.lib shell32.lib ole32.lib oleaut32.lib uuid.lib odbc32.lib odbccp32.lib /MANIFEST /ManifestFile:"Release\RtspPlayer.exe.intermediate.manifest" /MANIFESTUAC:"level='asInvoker' uiAccess='false'" /DEBUG /PDB:"C:\Users\Burial\Desktop\RtspPlayer\Release\RtspPlayer.pdb" /SUBSYSTEM:WINDOWS /OPT:REF /OPT:ICF /LTCG /TLBID:1 /DYNAMICBASE /NXCOMPAT /IMPLIB:"C:\Users\Burial\Desktop\RtspPlayer\Release\RtspPlayer.lib" /MACHINE:X86 Release\RtspPlayer.res
         Release\ourRTSPClient.obj
         Release\RtspPlayer.obj
         Release\stdafx.obj
     1>BasicUsageEnvironment.lib(BasicUsageEnvironment.obj) : warning LNK4075: 忽略“/EDITANDCONTINUE”(由于“/OPT:ICF”规范)
     1>LINK : warning LNK4098: 默认库“MSVCRTD”与其他库的使用冲突；请使用 /NODEFAULTLIB:library
         正在生成代码
         已完成代码的生成
     1>BasicUsageEnvironment.lib(BasicHashTable.obj) : warning LNK4099: 未找到 PDB“vc100.pdb”(使用“BasicUsageEnvironment.lib(BasicHashTable.obj)”或在“C:\Users\Burial\Desktop\RtspPlayer\Release\vc100.pdb”中寻找)；正在链接对象，如同没有调试信息一样
     1>BasicUsageEnvironment.lib(BasicTaskScheduler.obj) : warning LNK4099: 未找到 PDB“vc100.pdb”(使用“BasicUsageEnvironment.lib(BasicTaskScheduler.obj)”或在“C:\Users\Burial\Desktop\RtspPlayer\Release\vc100.pdb”中寻找)；正在链接对象，如同没有调试信息一样
     1>BasicUsageEnvironment.lib(BasicTaskScheduler0.obj) : warning LNK4099: 未找到 PDB“vc100.pdb”(使用“BasicUsageEnvironment.lib(BasicTaskScheduler0.obj)”或在“C:\Users\Burial\Desktop\RtspPlayer\Release\vc100.pdb”中寻找)；正在链接对象，如同没有调试信息一样
     1>BasicUsageEnvironment.lib(BasicUsageEnvironment.obj) : warning LNK4099: 未找到 PDB“vc100.pdb”(使用“BasicUsageEnvironment.lib(BasicUsageEnvironment.obj)”或在“C:\Users\Burial\Desktop\RtspPlayer\Release\vc100.pdb”中寻找)；正在链接对象，如同没有调试信息一样
     1>BasicUsageEnvironment.lib(BasicUsageEnvironment0.obj) : warning LNK4099: 未找到 PDB“vc100.pdb”(使用“BasicUsageEnvironment.lib(BasicUsageEnvironment0.obj)”或在“C:\Users\Burial\Desktop\RtspPlayer\Release\vc100.pdb”中寻找)；正在链接对象，如同没有调试信息一样
     1>BasicUsageEnvironment.lib(DelayQueue.obj) : warning LNK4099: 未找到 PDB“vc100.pdb”(使用“BasicUsageEnvironment.lib(DelayQueue.obj)”或在“C:\Users\Burial\Desktop\RtspPlayer\Release\vc100.pdb”中寻找)；正在链接对象，如同没有调试信息一样
     1>groupsock.lib(GroupEId.obj) : warning LNK4099: 未找到 PDB“vc100.pdb”(使用“groupsock.lib(GroupEId.obj)”或在“C:\Users\Burial\Desktop\RtspPlayer\Release\vc100.pdb”中寻找)；正在链接对象，如同没有调试信息一样
     1>groupsock.lib(Groupsock.obj) : warning LNK4099: 未找到 PDB“vc100.pdb”(使用“groupsock.lib(Groupsock.obj)”或在“C:\Users\Burial\Desktop\RtspPlayer\Release\vc100.pdb”中寻找)；正在链接对象，如同没有调试信息一样
     1>groupsock.lib(GroupsockHelper.obj) : warning LNK4099: 未找到 PDB“vc100.pdb”(使用“groupsock.lib(GroupsockHelper.obj)”或在“C:\Users\Burial\Desktop\RtspPlayer\Release\vc100.pdb”中寻找)；正在链接对象，如同没有调试信息一样
     1>groupsock.lib(inet.obj) : warning LNK4099: 未找到 PDB“vc100.pdb”(使用“groupsock.lib(inet.obj)”或在“C:\Users\Burial\Desktop\RtspPlayer\Release\vc100.pdb”中寻找)；正在链接对象，如同没有调试信息一样
     1>groupsock.lib(NetAddress.obj) : warning LNK4099: 未找到 PDB“vc100.pdb”(使用“groupsock.lib(NetAddress.obj)”或在“C:\Users\Burial\Desktop\RtspPlayer\Release\vc100.pdb”中寻找)；正在链接对象，如同没有调试信息一样
     1>groupsock.lib(NetInterface.obj) : warning LNK4099: 未找到 PDB“vc100.pdb”(使用“groupsock.lib(NetInterface.obj)”或在“C:\Users\Burial\Desktop\RtspPlayer\Release\vc100.pdb”中寻找)；正在链接对象，如同没有调试信息一样
     1>liveMedia.lib(AC3AudioRTPSink.obj) : warning LNK4099: 未找到 PDB“vc100.pdb”(使用“liveMedia.lib(AC3AudioRTPSink.obj)”或在“C:\Users\Burial\Desktop\RtspPlayer\Release\vc100.pdb”中寻找)；正在链接对象，如同没有调试信息一样
     1>liveMedia.lib(AC3AudioRTPSource.obj) : warning LNK4099: 未找到 PDB“vc100.pdb”(使用“liveMedia.lib(AC3AudioRTPSource.obj)”或在“C:\Users\Burial\Desktop\RtspPlayer\Release\vc100.pdb”中寻找)；正在链接对象，如同没有调试信息一样
     1>liveMedia.lib(AMRAudioRTPSource.obj) : warning LNK4099: 未找到 PDB“vc100.pdb”(使用“liveMedia.lib(AMRAudioRTPSource.obj)”或在“C:\Users\Burial\Desktop\RtspPlayer\Release\vc100.pdb”中寻找)；正在链接对象，如同没有调试信息一样
     1>liveMedia.lib(AMRAudioSource.obj) : warning LNK4099: 未找到 PDB“vc100.pdb”(使用“liveMedia.lib(AMRAudioSource.obj)”或在“C:\Users\Burial\Desktop\RtspPlayer\Release\vc100.pdb”中寻找)；正在链接对象，如同没有调试信息一样
     1>liveMedia.lib(AudioRTPSink.obj) : warning LNK4099: 未找到 PDB“vc100.pdb”(使用“liveMedia.lib(AudioRTPSink.obj)”或在“C:\Users\Burial\Desktop\RtspPlayer\Release\vc100.pdb”中寻找)；正在链接对象，如同没有调试信息一样
     1>liveMedia.lib(Base64.obj) : warning LNK4099: 未找到 PDB“vc100.pdb”(使用“liveMedia.lib(Base64.obj)”或在“C:\Users\Burial\Desktop\RtspPlayer\Release\vc100.pdb”中寻找)；正在链接对象，如同没有调试信息一样
     1>liveMedia.lib(BasicUDPSink.obj) : warning LNK4099: 未找到 PDB“vc100.pdb”(使用“liveMedia.lib(BasicUDPSink.obj)”或在“C:\Users\Burial\Desktop\RtspPlayer\Release\vc100.pdb”中寻找)；正在链接对象，如同没有调试信息一样
     1>liveMedia.lib(BasicUDPSource.obj) : warning LNK4099: 未找到 PDB“vc100.pdb”(使用“liveMedia.lib(BasicUDPSource.obj)”或在“C:\Users\Burial\Desktop\RtspPlayer\Release\vc100.pdb”中寻找)；正在链接对象，如同没有调试信息一样
     1>liveMedia.lib(BitVector.obj) : warning LNK4099: 未找到 PDB“vc100.pdb”(使用“liveMedia.lib(BitVector.obj)”或在“C:\Users\Burial\Desktop\RtspPlayer\Release\vc100.pdb”中寻找)；正在链接对象，如同没有调试信息一样
     1>liveMedia.lib(DigestAuthentication.obj) : warning LNK4099: 未找到 PDB“vc100.pdb”(使用“liveMedia.lib(DigestAuthentication.obj)”或在“C:\Users\Burial\Desktop\RtspPlayer\Release\vc100.pdb”中寻找)；正在链接对象，如同没有调试信息一样
     1>liveMedia.lib(DVVideoRTPSink.obj) : warning LNK4099: 未找到 PDB“vc100.pdb”(使用“liveMedia.lib(DVVideoRTPSink.obj)”或在“C:\Users\Burial\Desktop\RtspPlayer\Release\vc100.pdb”中寻找)；正在链接对象，如同没有调试信息一样
     1>liveMedia.lib(DVVideoRTPSource.obj) : warning LNK4099: 未找到 PDB“vc100.pdb”(使用“liveMedia.lib(DVVideoRTPSource.obj)”或在“C:\Users\Burial\Desktop\RtspPlayer\Release\vc100.pdb”中寻找)；正在链接对象，如同没有调试信息一样
     1>liveMedia.lib(DVVideoStreamFramer.obj) : warning LNK4099: 未找到 PDB“vc100.pdb”(使用“liveMedia.lib(DVVideoStreamFramer.obj)”或在“C:\Users\Burial\Desktop\RtspPlayer\Release\vc100.pdb”中寻找)；正在链接对象，如同没有调试信息一样
     1>liveMedia.lib(FramedFilter.obj) : warning LNK4099: 未找到 PDB“vc100.pdb”(使用“liveMedia.lib(FramedFilter.obj)”或在“C:\Users\Burial\Desktop\RtspPlayer\Release\vc100.pdb”中寻找)；正在链接对象，如同没有调试信息一样
     1>liveMedia.lib(FramedSource.obj) : warning LNK4099: 未找到 PDB“vc100.pdb”(使用“liveMedia.lib(FramedSource.obj)”或在“C:\Users\Burial\Desktop\RtspPlayer\Release\vc100.pdb”中寻找)；正在链接对象，如同没有调试信息一样
     1>liveMedia.lib(GSMAudioRTPSink.obj) : warning LNK4099: 未找到 PDB“vc100.pdb”(使用“liveMedia.lib(GSMAudioRTPSink.obj)”或在“C:\Users\Burial\Desktop\RtspPlayer\Release\vc100.pdb”中寻找)；正在链接对象，如同没有调试信息一样
     1>liveMedia.lib(H261VideoRTPSource.obj) : warning LNK4099: 未找到 PDB“vc100.pdb”(使用“liveMedia.lib(H261VideoRTPSource.obj)”或在“C:\Users\Burial\Desktop\RtspPlayer\Release\vc100.pdb”中寻找)；正在链接对象，如同没有调试信息一样
     1>liveMedia.lib(H263plusVideoRTPSink.obj) : warning LNK4099: 未找到 PDB“vc100.pdb”(使用“liveMedia.lib(H263plusVideoRTPSink.obj)”或在“C:\Users\Burial\Desktop\RtspPlayer\Release\vc100.pdb”中寻找)；正在链接对象，如同没有调试信息一样
     1>liveMedia.lib(H263plusVideoRTPSource.obj) : warning LNK4099: 未找到 PDB“vc100.pdb”(使用“liveMedia.lib(H263plusVideoRTPSource.obj)”或在“C:\Users\Burial\Desktop\RtspPlayer\Release\vc100.pdb”中寻找)；正在链接对象，如同没有调试信息一样
     1>liveMedia.lib(H264or5VideoRTPSink.obj) : warning LNK4099: 未找到 PDB“vc100.pdb”(使用“liveMedia.lib(H264or5VideoRTPSink.obj)”或在“C:\Users\Burial\Desktop\RtspPlayer\Release\vc100.pdb”中寻找)；正在链接对象，如同没有调试信息一样
     1>liveMedia.lib(H264or5VideoStreamDiscreteFramer.obj) : warning LNK4099: 未找到 PDB“vc100.pdb”(使用“liveMedia.lib(H264or5VideoStreamDiscreteFramer.obj)”或在“C:\Users\Burial\Desktop\RtspPlayer\Release\vc100.pdb”中寻找)；正在链接对象，如同没有调试信息一样
     1>liveMedia.lib(H264or5VideoStreamFramer.obj) : warning LNK4099: 未找到 PDB“vc100.pdb”(使用“liveMedia.lib(H264or5VideoStreamFramer.obj)”或在“C:\Users\Burial\Desktop\RtspPlayer\Release\vc100.pdb”中寻找)；正在链接对象，如同没有调试信息一样
     1>liveMedia.lib(H264VideoRTPSink.obj) : warning LNK4099: 未找到 PDB“vc100.pdb”(使用“liveMedia.lib(H264VideoRTPSink.obj)”或在“C:\Users\Burial\Desktop\RtspPlayer\Release\vc100.pdb”中寻找)；正在链接对象，如同没有调试信息一样
     1>liveMedia.lib(H264VideoRTPSource.obj) : warning LNK4099: 未找到 PDB“vc100.pdb”(使用“liveMedia.lib(H264VideoRTPSource.obj)”或在“C:\Users\Burial\Desktop\RtspPlayer\Release\vc100.pdb”中寻找)；正在链接对象，如同没有调试信息一样
     1>liveMedia.lib(H264VideoStreamDiscreteFramer.obj) : warning LNK4099: 未找到 PDB“vc100.pdb”(使用“liveMedia.lib(H264VideoStreamDiscreteFramer.obj)”或在“C:\Users\Burial\Desktop\RtspPlayer\Release\vc100.pdb”中寻找)；正在链接对象，如同没有调试信息一样
     1>liveMedia.lib(H265VideoRTPSink.obj) : warning LNK4099: 未找到 PDB“vc100.pdb”(使用“liveMedia.lib(H265VideoRTPSink.obj)”或在“C:\Users\Burial\Desktop\RtspPlayer\Release\vc100.pdb”中寻找)；正在链接对象，如同没有调试信息一样
     1>liveMedia.lib(H265VideoRTPSource.obj) : warning LNK4099: 未找到 PDB“vc100.pdb”(使用“liveMedia.lib(H265VideoRTPSource.obj)”或在“C:\Users\Burial\Desktop\RtspPlayer\Release\vc100.pdb”中寻找)；正在链接对象，如同没有调试信息一样
     1>liveMedia.lib(H265VideoStreamDiscreteFramer.obj) : warning LNK4099: 未找到 PDB“vc100.pdb”(使用“liveMedia.lib(H265VideoStreamDiscreteFramer.obj)”或在“C:\Users\Burial\Desktop\RtspPlayer\Release\vc100.pdb”中寻找)；正在链接对象，如同没有调试信息一样
     1>liveMedia.lib(JPEGVideoRTPSource.obj) : warning LNK4099: 未找到 PDB“vc100.pdb”(使用“liveMedia.lib(JPEGVideoRTPSource.obj)”或在“C:\Users\Burial\Desktop\RtspPlayer\Release\vc100.pdb”中寻找)；正在链接对象，如同没有调试信息一样
     1>liveMedia.lib(Locale.obj) : warning LNK4099: 未找到 PDB“vc100.pdb”(使用“liveMedia.lib(Locale.obj)”或在“C:\Users\Burial\Desktop\RtspPlayer\Release\vc100.pdb”中寻找)；正在链接对象，如同没有调试信息一样
     1>liveMedia.lib(Media.obj) : warning LNK4099: 未找到 PDB“vc100.pdb”(使用“liveMedia.lib(Media.obj)”或在“C:\Users\Burial\Desktop\RtspPlayer\Release\vc100.pdb”中寻找)；正在链接对象，如同没有调试信息一样
     1>liveMedia.lib(MediaSession.obj) : warning LNK4099: 未找到 PDB“vc100.pdb”(使用“liveMedia.lib(MediaSession.obj)”或在“C:\Users\Burial\Desktop\RtspPlayer\Release\vc100.pdb”中寻找)；正在链接对象，如同没有调试信息一样
     1>liveMedia.lib(MediaSink.obj) : warning LNK4099: 未找到 PDB“vc100.pdb”(使用“liveMedia.lib(MediaSink.obj)”或在“C:\Users\Burial\Desktop\RtspPlayer\Release\vc100.pdb”中寻找)；正在链接对象，如同没有调试信息一样
     1>liveMedia.lib(MediaSource.obj) : warning LNK4099: 未找到 PDB“vc100.pdb”(使用“liveMedia.lib(MediaSource.obj)”或在“C:\Users\Burial\Desktop\RtspPlayer\Release\vc100.pdb”中寻找)；正在链接对象，如同没有调试信息一样
     1>liveMedia.lib(MP3ADU.obj) : warning LNK4099: 未找到 PDB“vc100.pdb”(使用“liveMedia.lib(MP3ADU.obj)”或在“C:\Users\Burial\Desktop\RtspPlayer\Release\vc100.pdb”中寻找)；正在链接对象，如同没有调试信息一样
     1>liveMedia.lib(MP3ADUdescriptor.obj) : warning LNK4099: 未找到 PDB“vc100.pdb”(使用“liveMedia.lib(MP3ADUdescriptor.obj)”或在“C:\Users\Burial\Desktop\RtspPlayer\Release\vc100.pdb”中寻找)；正在链接对象，如同没有调试信息一样
     1>liveMedia.lib(MP3ADUinterleaving.obj) : warning LNK4099: 未找到 PDB“vc100.pdb”(使用“liveMedia.lib(MP3ADUinterleaving.obj)”或在“C:\Users\Burial\Desktop\RtspPlayer\Release\vc100.pdb”中寻找)；正在链接对象，如同没有调试信息一样
     1>liveMedia.lib(MP3ADURTPSink.obj) : warning LNK4099: 未找到 PDB“vc100.pdb”(使用“liveMedia.lib(MP3ADURTPSink.obj)”或在“C:\Users\Burial\Desktop\RtspPlayer\Release\vc100.pdb”中寻找)；正在链接对象，如同没有调试信息一样
     1>liveMedia.lib(MP3ADURTPSource.obj) : warning LNK4099: 未找到 PDB“vc100.pdb”(使用“liveMedia.lib(MP3ADURTPSource.obj)”或在“C:\Users\Burial\Desktop\RtspPlayer\Release\vc100.pdb”中寻找)；正在链接对象，如同没有调试信息一样
     1>liveMedia.lib(MP3Internals.obj) : warning LNK4099: 未找到 PDB“vc100.pdb”(使用“liveMedia.lib(MP3Internals.obj)”或在“C:\Users\Burial\Desktop\RtspPlayer\Release\vc100.pdb”中寻找)；正在链接对象，如同没有调试信息一样
     1>liveMedia.lib(MP3InternalsHuffman.obj) : warning LNK4099: 未找到 PDB“vc100.pdb”(使用“liveMedia.lib(MP3InternalsHuffman.obj)”或在“C:\Users\Burial\Desktop\RtspPlayer\Release\vc100.pdb”中寻找)；正在链接对象，如同没有调试信息一样
     1>liveMedia.lib(MP3InternalsHuffmanTable.obj) : warning LNK4099: 未找到 PDB“vc100.pdb”(使用“liveMedia.lib(MP3InternalsHuffmanTable.obj)”或在“C:\Users\Burial\Desktop\RtspPlayer\Release\vc100.pdb”中寻找)；正在链接对象，如同没有调试信息一样
     1>liveMedia.lib(MPEG1or2AudioRTPSink.obj) : warning LNK4099: 未找到 PDB“vc100.pdb”(使用“liveMedia.lib(MPEG1or2AudioRTPSink.obj)”或在“C:\Users\Burial\Desktop\RtspPlayer\Release\vc100.pdb”中寻找)；正在链接对象，如同没有调试信息一样
     1>liveMedia.lib(MPEG1or2AudioRTPSource.obj) : warning LNK4099: 未找到 PDB“vc100.pdb”(使用“liveMedia.lib(MPEG1or2AudioRTPSource.obj)”或在“C:\Users\Burial\Desktop\RtspPlayer\Release\vc100.pdb”中寻找)；正在链接对象，如同没有调试信息一样
     1>liveMedia.lib(MPEG1or2VideoRTPSink.obj) : warning LNK4099: 未找到 PDB“vc100.pdb”(使用“liveMedia.lib(MPEG1or2VideoRTPSink.obj)”或在“C:\Users\Burial\Desktop\RtspPlayer\Release\vc100.pdb”中寻找)；正在链接对象，如同没有调试信息一样
     1>liveMedia.lib(MPEG1or2VideoRTPSource.obj) : warning LNK4099: 未找到 PDB“vc100.pdb”(使用“liveMedia.lib(MPEG1or2VideoRTPSource.obj)”或在“C:\Users\Burial\Desktop\RtspPlayer\Release\vc100.pdb”中寻找)；正在链接对象，如同没有调试信息一样
     1>liveMedia.lib(MPEG1or2VideoStreamDiscreteFramer.obj) : warning LNK4099: 未找到 PDB“vc100.pdb”(使用“liveMedia.lib(MPEG1or2VideoStreamDiscreteFramer.obj)”或在“C:\Users\Burial\Desktop\RtspPlayer\Release\vc100.pdb”中寻找)；正在链接对象，如同没有调试信息一样
     1>liveMedia.lib(MPEG1or2VideoStreamFramer.obj) : warning LNK4099: 未找到 PDB“vc100.pdb”(使用“liveMedia.lib(MPEG1or2VideoStreamFramer.obj)”或在“C:\Users\Burial\Desktop\RtspPlayer\Release\vc100.pdb”中寻找)；正在链接对象，如同没有调试信息一样
     1>liveMedia.lib(MPEG2TransportStreamFramer.obj) : warning LNK4099: 未找到 PDB“vc100.pdb”(使用“liveMedia.lib(MPEG2TransportStreamFramer.obj)”或在“C:\Users\Burial\Desktop\RtspPlayer\Release\vc100.pdb”中寻找)；正在链接对象，如同没有调试信息一样
     1>liveMedia.lib(MPEG4ESVideoRTPSink.obj) : warning LNK4099: 未找到 PDB“vc100.pdb”(使用“liveMedia.lib(MPEG4ESVideoRTPSink.obj)”或在“C:\Users\Burial\Desktop\RtspPlayer\Release\vc100.pdb”中寻找)；正在链接对象，如同没有调试信息一样
     1>liveMedia.lib(MPEG4ESVideoRTPSource.obj) : warning LNK4099: 未找到 PDB“vc100.pdb”(使用“liveMedia.lib(MPEG4ESVideoRTPSource.obj)”或在“C:\Users\Burial\Desktop\RtspPlayer\Release\vc100.pdb”中寻找)；正在链接对象，如同没有调试信息一样
     1>liveMedia.lib(MPEG4GenericRTPSink.obj) : warning LNK4099: 未找到 PDB“vc100.pdb”(使用“liveMedia.lib(MPEG4GenericRTPSink.obj)”或在“C:\Users\Burial\Desktop\RtspPlayer\Release\vc100.pdb”中寻找)；正在链接对象，如同没有调试信息一样
     1>liveMedia.lib(MPEG4GenericRTPSource.obj) : warning LNK4099: 未找到 PDB“vc100.pdb”(使用“liveMedia.lib(MPEG4GenericRTPSource.obj)”或在“C:\Users\Burial\Desktop\RtspPlayer\Release\vc100.pdb”中寻找)；正在链接对象，如同没有调试信息一样
     1>liveMedia.lib(MPEG4LATMAudioRTPSink.obj) : warning LNK4099: 未找到 PDB“vc100.pdb”(使用“liveMedia.lib(MPEG4LATMAudioRTPSink.obj)”或在“C:\Users\Burial\Desktop\RtspPlayer\Release\vc100.pdb”中寻找)；正在链接对象，如同没有调试信息一样
     1>liveMedia.lib(MPEG4LATMAudioRTPSource.obj) : warning LNK4099: 未找到 PDB“vc100.pdb”(使用“liveMedia.lib(MPEG4LATMAudioRTPSource.obj)”或在“C:\Users\Burial\Desktop\RtspPlayer\Release\vc100.pdb”中寻找)；正在链接对象，如同没有调试信息一样
     1>liveMedia.lib(MPEG4VideoStreamDiscreteFramer.obj) : warning LNK4099: 未找到 PDB“vc100.pdb”(使用“liveMedia.lib(MPEG4VideoStreamDiscreteFramer.obj)”或在“C:\Users\Burial\Desktop\RtspPlayer\Release\vc100.pdb”中寻找)；正在链接对象，如同没有调试信息一样
     1>liveMedia.lib(MPEG4VideoStreamFramer.obj) : warning LNK4099: 未找到 PDB“vc100.pdb”(使用“liveMedia.lib(MPEG4VideoStreamFramer.obj)”或在“C:\Users\Burial\Desktop\RtspPlayer\Release\vc100.pdb”中寻找)；正在链接对象，如同没有调试信息一样
     1>liveMedia.lib(MPEGVideoStreamFramer.obj) : warning LNK4099: 未找到 PDB“vc100.pdb”(使用“liveMedia.lib(MPEGVideoStreamFramer.obj)”或在“C:\Users\Burial\Desktop\RtspPlayer\Release\vc100.pdb”中寻找)；正在链接对象，如同没有调试信息一样
     1>liveMedia.lib(MPEGVideoStreamParser.obj) : warning LNK4099: 未找到 PDB“vc100.pdb”(使用“liveMedia.lib(MPEGVideoStreamParser.obj)”或在“C:\Users\Burial\Desktop\RtspPlayer\Release\vc100.pdb”中寻找)；正在链接对象，如同没有调试信息一样
     1>liveMedia.lib(MultiFramedRTPSink.obj) : warning LNK4099: 未找到 PDB“vc100.pdb”(使用“liveMedia.lib(MultiFramedRTPSink.obj)”或在“C:\Users\Burial\Desktop\RtspPlayer\Release\vc100.pdb”中寻找)；正在链接对象，如同没有调试信息一样
     1>liveMedia.lib(MultiFramedRTPSource.obj) : warning LNK4099: 未找到 PDB“vc100.pdb”(使用“liveMedia.lib(MultiFramedRTPSource.obj)”或在“C:\Users\Burial\Desktop\RtspPlayer\Release\vc100.pdb”中寻找)；正在链接对象，如同没有调试信息一样
     1>liveMedia.lib(OnDemandServerMediaSubsession.obj) : warning LNK4099: 未找到 PDB“vc100.pdb”(使用“liveMedia.lib(OnDemandServerMediaSubsession.obj)”或在“C:\Users\Burial\Desktop\RtspPlayer\Release\vc100.pdb”中寻找)；正在链接对象，如同没有调试信息一样
     1>liveMedia.lib(ourMD5.obj) : warning LNK4099: 未找到 PDB“vc100.pdb”(使用“liveMedia.lib(ourMD5.obj)”或在“C:\Users\Burial\Desktop\RtspPlayer\Release\vc100.pdb”中寻找)；正在链接对象，如同没有调试信息一样
     1>liveMedia.lib(ProxyServerMediaSession.obj) : warning LNK4099: 未找到 PDB“vc100.pdb”(使用“liveMedia.lib(ProxyServerMediaSession.obj)”或在“C:\Users\Burial\Desktop\RtspPlayer\Release\vc100.pdb”中寻找)；正在链接对象，如同没有调试信息一样
     1>liveMedia.lib(QCELPAudioRTPSource.obj) : warning LNK4099: 未找到 PDB“vc100.pdb”(使用“liveMedia.lib(QCELPAudioRTPSource.obj)”或在“C:\Users\Burial\Desktop\RtspPlayer\Release\vc100.pdb”中寻找)；正在链接对象，如同没有调试信息一样
     1>liveMedia.lib(QuickTimeGenericRTPSource.obj) : warning LNK4099: 未找到 PDB“vc100.pdb”(使用“liveMedia.lib(QuickTimeGenericRTPSource.obj)”或在“C:\Users\Burial\Desktop\RtspPlayer\Release\vc100.pdb”中寻找)；正在链接对象，如同没有调试信息一样
     1>liveMedia.lib(RTCP.obj) : warning LNK4099: 未找到 PDB“vc100.pdb”(使用“liveMedia.lib(RTCP.obj)”或在“C:\Users\Burial\Desktop\RtspPlayer\Release\vc100.pdb”中寻找)；正在链接对象，如同没有调试信息一样
     1>liveMedia.lib(rtcp_from_spec.obj) : warning LNK4099: 未找到 PDB“vc100.pdb”(使用“liveMedia.lib(rtcp_from_spec.obj)”或在“C:\Users\Burial\Desktop\RtspPlayer\Release\vc100.pdb”中寻找)；正在链接对象，如同没有调试信息一样
     1>liveMedia.lib(RTPInterface.obj) : warning LNK4099: 未找到 PDB“vc100.pdb”(使用“liveMedia.lib(RTPInterface.obj)”或在“C:\Users\Burial\Desktop\RtspPlayer\Release\vc100.pdb”中寻找)；正在链接对象，如同没有调试信息一样
     1>liveMedia.lib(RTPSink.obj) : warning LNK4099: 未找到 PDB“vc100.pdb”(使用“liveMedia.lib(RTPSink.obj)”或在“C:\Users\Burial\Desktop\RtspPlayer\Release\vc100.pdb”中寻找)；正在链接对象，如同没有调试信息一样
     1>liveMedia.lib(RTPSource.obj) : warning LNK4099: 未找到 PDB“vc100.pdb”(使用“liveMedia.lib(RTPSource.obj)”或在“C:\Users\Burial\Desktop\RtspPlayer\Release\vc100.pdb”中寻找)；正在链接对象，如同没有调试信息一样
     1>liveMedia.lib(RTSPClient.obj) : warning LNK4099: 未找到 PDB“vc100.pdb”(使用“liveMedia.lib(RTSPClient.obj)”或在“C:\Users\Burial\Desktop\RtspPlayer\Release\vc100.pdb”中寻找)；正在链接对象，如同没有调试信息一样
     1>liveMedia.lib(RTSPCommon.obj) : warning LNK4099: 未找到 PDB“vc100.pdb”(使用“liveMedia.lib(RTSPCommon.obj)”或在“C:\Users\Burial\Desktop\RtspPlayer\Release\vc100.pdb”中寻找)；正在链接对象，如同没有调试信息一样
     1>liveMedia.lib(RTSPRegisterSender.obj) : warning LNK4099: 未找到 PDB“vc100.pdb”(使用“liveMedia.lib(RTSPRegisterSender.obj)”或在“C:\Users\Burial\Desktop\RtspPlayer\Release\vc100.pdb”中寻找)；正在链接对象，如同没有调试信息一样
     1>liveMedia.lib(RTSPServer.obj) : warning LNK4099: 未找到 PDB“vc100.pdb”(使用“liveMedia.lib(RTSPServer.obj)”或在“C:\Users\Burial\Desktop\RtspPlayer\Release\vc100.pdb”中寻找)；正在链接对象，如同没有调试信息一样
     1>liveMedia.lib(ServerMediaSession.obj) : warning LNK4099: 未找到 PDB“vc100.pdb”(使用“liveMedia.lib(ServerMediaSession.obj)”或在“C:\Users\Burial\Desktop\RtspPlayer\Release\vc100.pdb”中寻找)；正在链接对象，如同没有调试信息一样
     1>liveMedia.lib(SimpleRTPSink.obj) : warning LNK4099: 未找到 PDB“vc100.pdb”(使用“liveMedia.lib(SimpleRTPSink.obj)”或在“C:\Users\Burial\Desktop\RtspPlayer\Release\vc100.pdb”中寻找)；正在链接对象，如同没有调试信息一样
     1>liveMedia.lib(SimpleRTPSource.obj) : warning LNK4099: 未找到 PDB“vc100.pdb”(使用“liveMedia.lib(SimpleRTPSource.obj)”或在“C:\Users\Burial\Desktop\RtspPlayer\Release\vc100.pdb”中寻找)；正在链接对象，如同没有调试信息一样
     1>liveMedia.lib(StreamParser.obj) : warning LNK4099: 未找到 PDB“vc100.pdb”(使用“liveMedia.lib(StreamParser.obj)”或在“C:\Users\Burial\Desktop\RtspPlayer\Release\vc100.pdb”中寻找)；正在链接对象，如同没有调试信息一样
     1>liveMedia.lib(T140TextRTPSink.obj) : warning LNK4099: 未找到 PDB“vc100.pdb”(使用“liveMedia.lib(T140TextRTPSink.obj)”或在“C:\Users\Burial\Desktop\RtspPlayer\Release\vc100.pdb”中寻找)；正在链接对象，如同没有调试信息一样
     1>liveMedia.lib(TextRTPSink.obj) : warning LNK4099: 未找到 PDB“vc100.pdb”(使用“liveMedia.lib(TextRTPSink.obj)”或在“C:\Users\Burial\Desktop\RtspPlayer\Release\vc100.pdb”中寻找)；正在链接对象，如同没有调试信息一样
     1>liveMedia.lib(TheoraVideoRTPSink.obj) : warning LNK4099: 未找到 PDB“vc100.pdb”(使用“liveMedia.lib(TheoraVideoRTPSink.obj)”或在“C:\Users\Burial\Desktop\RtspPlayer\Release\vc100.pdb”中寻找)；正在链接对象，如同没有调试信息一样
     1>liveMedia.lib(TheoraVideoRTPSource.obj) : warning LNK4099: 未找到 PDB“vc100.pdb”(使用“liveMedia.lib(TheoraVideoRTPSource.obj)”或在“C:\Users\Burial\Desktop\RtspPlayer\Release\vc100.pdb”中寻找)；正在链接对象，如同没有调试信息一样
     1>liveMedia.lib(VideoRTPSink.obj) : warning LNK4099: 未找到 PDB“vc100.pdb”(使用“liveMedia.lib(VideoRTPSink.obj)”或在“C:\Users\Burial\Desktop\RtspPlayer\Release\vc100.pdb”中寻找)；正在链接对象，如同没有调试信息一样
     1>liveMedia.lib(VorbisAudioRTPSink.obj) : warning LNK4099: 未找到 PDB“vc100.pdb”(使用“liveMedia.lib(VorbisAudioRTPSink.obj)”或在“C:\Users\Burial\Desktop\RtspPlayer\Release\vc100.pdb”中寻找)；正在链接对象，如同没有调试信息一样
     1>liveMedia.lib(VorbisAudioRTPSource.obj) : warning LNK4099: 未找到 PDB“vc100.pdb”(使用“liveMedia.lib(VorbisAudioRTPSource.obj)”或在“C:\Users\Burial\Desktop\RtspPlayer\Release\vc100.pdb”中寻找)；正在链接对象，如同没有调试信息一样
     1>liveMedia.lib(VP8VideoRTPSink.obj) : warning LNK4099: 未找到 PDB“vc100.pdb”(使用“liveMedia.lib(VP8VideoRTPSink.obj)”或在“C:\Users\Burial\Desktop\RtspPlayer\Release\vc100.pdb”中寻找)；正在链接对象，如同没有调试信息一样
     1>liveMedia.lib(VP8VideoRTPSource.obj) : warning LNK4099: 未找到 PDB“vc100.pdb”(使用“liveMedia.lib(VP8VideoRTPSource.obj)”或在“C:\Users\Burial\Desktop\RtspPlayer\Release\vc100.pdb”中寻找)；正在链接对象，如同没有调试信息一样
     1>UsageEnvironment.lib(HashTable.obj) : warning LNK4099: 未找到 PDB“vc100.pdb”(使用“UsageEnvironment.lib(HashTable.obj)”或在“C:\Users\Burial\Desktop\RtspPlayer\Release\vc100.pdb”中寻找)；正在链接对象，如同没有调试信息一样
     1>UsageEnvironment.lib(strDup.obj) : warning LNK4099: 未找到 PDB“vc100.pdb”(使用“UsageEnvironment.lib(strDup.obj)”或在“C:\Users\Burial\Desktop\RtspPlayer\Release\vc100.pdb”中寻找)；正在链接对象，如同没有调试信息一样
     1>UsageEnvironment.lib(UsageEnvironment.obj) : warning LNK4099: 未找到 PDB“vc100.pdb”(使用“UsageEnvironment.lib(UsageEnvironment.obj)”或在“C:\Users\Burial\Desktop\RtspPlayer\Release\vc100.pdb”中寻找)；正在链接对象，如同没有调试信息一样
         RtspPlayer.vcxproj -> C:\Users\Burial\Desktop\RtspPlayer\Release\RtspPlayer.exe
       Manifest:
         c:\Program Files (x86)\Microsoft SDKs\Windows\v7.0A\bin\mt.exe /nologo /verbose /outputresource:"C:\Users\Burial\Desktop\RtspPlayer\Release\RtspPlayer.exe;#1" /manifest Release\RtspPlayer.exe.intermediate.manifest
       FinalizeBuildStatus:
         正在删除文件“Release\RtspPlayer.unsuccessfulbuild”。
         正在对“Release\RtspPlayer.lastbuildstate”执行 Touch 任务。
     1>已完成生成项目“C:\Users\Burial\Desktop\RtspPlayer\RtspPlayer\RtspPlayer.vcxproj”(rebuild 个目标)的操作。

生成成功。

已用时间 00:00:03.30
